mode: set
search-gin/internal/service/auth_service.go:26.13,28.16 2 1
search-gin/internal/service/auth_service.go:28.16,29.61 1 0
search-gin/internal/service/auth_service.go:31.2,31.34 1 1
search-gin/internal/service/auth_service.go:35.33,37.2 1 1
search-gin/internal/service/auth_service.go:40.43,42.16 2 1
search-gin/internal/service/auth_service.go:42.16,44.3 1 0
search-gin/internal/service/auth_service.go:45.2,45.21 1 1
search-gin/internal/service/auth_service.go:49.64,52.2 2 1
search-gin/internal/service/auth_service.go:68.81,76.2 3 1
search-gin/internal/service/auth_service.go:79.60,83.13 4 1
search-gin/internal/service/auth_service.go:83.13,85.3 1 1
search-gin/internal/service/auth_service.go:87.2,87.44 1 1
search-gin/internal/service/auth_service.go:87.44,92.3 4 1
search-gin/internal/service/auth_service.go:95.2,95.65 1 1
search-gin/internal/service/auth_service.go:95.65,102.3 6 0
search-gin/internal/service/auth_service.go:105.2,105.69 1 1
search-gin/internal/service/auth_service.go:105.69,106.44 1 1
search-gin/internal/service/auth_service.go:106.44,107.43 1 0
search-gin/internal/service/auth_service.go:107.43,108.30 1 0
search-gin/internal/service/auth_service.go:108.30,110.52 2 0
search-gin/internal/service/auth_service.go:110.52,115.7 4 0
search-gin/internal/service/auth_service.go:117.5,117.10 1 0
search-gin/internal/service/auth_service.go:122.2,122.24 1 1
search-gin/internal/service/auth_service.go:126.27,131.43 4 0
search-gin/internal/service/auth_service.go:131.43,132.38 1 0
search-gin/internal/service/auth_service.go:132.38,134.4 1 0
search-gin/internal/service/auth_service.go:151.55,152.80 1 0
search-gin/internal/service/auth_service.go:152.80,154.3 1 0
search-gin/internal/service/auth_service.go:156.2,156.43 1 0
search-gin/internal/service/auth_service.go:156.43,157.75 1 0
search-gin/internal/service/auth_service.go:157.75,158.29 1 0
search-gin/internal/service/auth_service.go:158.29,160.51 2 0
search-gin/internal/service/auth_service.go:160.51,162.6 1 0
search-gin/internal/service/auth_service.go:164.4,164.47 1 0
search-gin/internal/service/auth_service.go:167.2,167.73 1 0
search-gin/internal/service/auth_service.go:171.52,173.49 2 0
search-gin/internal/service/auth_service.go:173.49,175.3 1 0
search-gin/internal/service/auth_service.go:176.2,185.3 4 0
search-gin/internal/service/auth_service.go:189.37,191.2 1 1
search-gin/internal/service/auth_service.go:194.55,196.2 1 1
search-gin/internal/service/auth_service.go:206.37,228.2 1 0
search-gin/internal/service/auth_service.go:231.35,235.2 3 1
search-gin/internal/service/auth_service.go:238.42,242.2 3 1
search-gin/internal/service/auth_service.go:245.62,249.2 3 0
search-gin/internal/service/auth_service.go:252.39,258.2 5 1
search-gin/internal/service/auth_service.go:261.35,263.2 1 0
search-gin/internal/service/auth_service.go:265.56,267.16 2 0
search-gin/internal/service/auth_service.go:267.16,270.3 2 0
search-gin/internal/service/auth_service.go:271.2,273.16 3 0
search-gin/internal/service/auth_service.go:273.16,276.3 2 0
search-gin/internal/service/auth_service.go:277.2,277.13 1 0
search-gin/internal/service/auth_service.go:280.61,282.16 2 0
search-gin/internal/service/auth_service.go:282.16,285.3 2 0
search-gin/internal/service/auth_service.go:286.2,287.16 2 0
search-gin/internal/service/auth_service.go:287.16,290.3 2 0
search-gin/internal/service/auth_service.go:294.28,296.2 1 0
search-gin/internal/service/background_launch.go:15.20,20.16 3 0
search-gin/internal/service/background_launch.go:20.16,23.3 2 0
search-gin/internal/service/background_launch.go:24.2,28.31 5 0
search-gin/internal/service/background_launch.go:28.31,30.3 1 0
search-gin/internal/service/background_launch.go:31.2,31.25 1 0
search-gin/internal/service/background_launch.go:31.25,33.3 1 0
search-gin/internal/service/background_launch.go:36.2,36.36 1 0
search-gin/internal/service/background_launch.go:36.36,38.3 1 0
search-gin/internal/service/background_launch.go:41.2,41.31 1 0
search-gin/internal/service/background_launch.go:41.31,44.3 2 0
search-gin/internal/service/background_launch.go:46.2,46.20 1 0
search-gin/internal/service/background_launch.go:51.23,54.18 3 0
search-gin/internal/service/background_launch.go:54.18,56.3 1 0
search-gin/internal/service/background_launch.go:57.2,57.19 1 0
search-gin/internal/service/background_launch.go:57.19,59.3 1 0
search-gin/internal/service/background_launch.go:60.2,61.58 2 0
search-gin/internal/service/background_launch.go:65.24,72.2 4 0
search-gin/internal/service/background_launch.go:75.23,77.2 1 0
search-gin/internal/service/background_launch.go:80.19,81.16 1 0
search-gin/internal/service/background_launch.go:81.16,84.3 2 0
search-gin/internal/service/background_launch.go:85.2,85.12 1 0
search-gin/internal/service/background_launch.go:85.12,89.3 3 0
search-gin/internal/service/background_launch.go:93.29,97.19 3 0
search-gin/internal/service/background_launch.go:97.19,100.3 2 0
search-gin/internal/service/background_launch.go:102.2,102.12 1 0
search-gin/internal/service/background_launch.go:102.12,105.3 2 0
search-gin/internal/service/background_launch.go:106.2,106.12 1 0
search-gin/internal/service/background_launch.go:106.12,109.3 2 0
search-gin/internal/service/background_launch.go:113.49,115.54 2 0
search-gin/internal/service/background_launch.go:115.54,117.17 2 0
search-gin/internal/service/background_launch.go:117.18,117.19 0 0
search-gin/internal/service/background_launch.go:120.2,120.54 1 0
search-gin/internal/service/background_launch.go:120.54,122.17 2 0
search-gin/internal/service/background_launch.go:122.18,122.19 0 0
search-gin/internal/service/background_launch.go:125.2,126.12 2 0
search-gin/internal/service/background_launch.go:126.12,129.3 2 0
search-gin/internal/service/background_launch.go:131.2,131.16 1 0
search-gin/internal/service/background_launch.go:131.16,134.3 2 0
search-gin/internal/service/file_directory_cleaner.go:20.66,23.24 2 0
search-gin/internal/service/file_directory_cleaner.go:23.24,29.15 5 0
search-gin/internal/service/file_directory_cleaner.go:29.15,31.18 2 0
search-gin/internal/service/file_directory_cleaner.go:31.18,33.13 2 0
search-gin/internal/service/file_directory_cleaner.go:36.4,36.44 1 0
search-gin/internal/service/file_directory_cleaner.go:36.44,39.30 2 0
search-gin/internal/service/file_directory_cleaner.go:39.30,41.20 2 0
search-gin/internal/service/file_directory_cleaner.go:41.20,43.7 1 0
search-gin/internal/service/file_directory_cleaner.go:45.10,45.76 1 0
search-gin/internal/service/file_directory_cleaner.go:45.76,46.49 1 0
search-gin/internal/service/file_directory_cleaner.go:46.49,48.6 1 0
search-gin/internal/service/file_directory_cleaner.go:50.9,52.76 1 0
search-gin/internal/service/file_directory_cleaner.go:52.76,53.49 1 0
search-gin/internal/service/file_directory_cleaner.go:53.49,55.6 1 0
search-gin/internal/service/file_directory_cleaner.go:62.68,63.24 1 0
search-gin/internal/service/file_directory_cleaner.go:63.24,65.3 1 0
search-gin/internal/service/file_directory_cleaner.go:67.2,68.16 2 0
search-gin/internal/service/file_directory_cleaner.go:68.16,71.3 2 0
search-gin/internal/service/file_directory_cleaner.go:73.2,74.26 2 0
search-gin/internal/service/file_directory_cleaner.go:74.26,75.44 1 0
search-gin/internal/service/file_directory_cleaner.go:75.44,77.42 2 0
search-gin/internal/service/file_directory_cleaner.go:77.42,79.5 1 0
search-gin/internal/service/file_directory_cleaner.go:79.10,81.5 1 0
search-gin/internal/service/file_directory_cleaner.go:85.2,85.13 1 0
search-gin/internal/service/file_directory_cleaner.go:85.13,87.17 2 0
search-gin/internal/service/file_directory_cleaner.go:87.17,90.4 2 0
search-gin/internal/service/file_directory_cleaner.go:91.3,91.26 1 0
search-gin/internal/service/file_directory_cleaner.go:91.26,93.4 1 0
search-gin/internal/service/file_directory_cleaner.go:98.55,101.30 2 0
search-gin/internal/service/file_directory_cleaner.go:101.30,107.15 5 0
search-gin/internal/service/file_directory_cleaner.go:107.15,109.18 2 0
search-gin/internal/service/file_directory_cleaner.go:109.18,111.13 2 0
search-gin/internal/service/file_directory_cleaner.go:114.4,116.41 2 0
search-gin/internal/service/file_directory_cleaner.go:116.41,119.19 3 0
search-gin/internal/service/file_directory_cleaner.go:119.19,121.6 1 0
search-gin/internal/service/file_directory_cleaner.go:121.11,122.44 1 0
search-gin/internal/service/file_directory_cleaner.go:122.44,124.7 1 0
search-gin/internal/service/file_directory_cleaner.go:127.9,128.49 1 0
search-gin/internal/service/file_directory_cleaner.go:128.49,130.5 1 0
search-gin/internal/service/file_directory_cleaner.go:134.2,135.25 2 0
search-gin/internal/service/file_directory_cleaner.go:139.52,142.6 2 0
search-gin/internal/service/file_directory_cleaner.go:142.6,143.82 1 0
search-gin/internal/service/file_directory_cleaner.go:143.82,144.9 1 0
search-gin/internal/service/file_directory_cleaner.go:147.3,148.17 2 0
search-gin/internal/service/file_directory_cleaner.go:148.17,150.9 2 0
search-gin/internal/service/file_directory_cleaner.go:153.3,153.22 1 0
search-gin/internal/service/file_directory_cleaner.go:153.22,154.48 1 0
search-gin/internal/service/file_directory_cleaner.go:154.48,156.10 2 0
search-gin/internal/service/file_directory_cleaner.go:158.4,158.41 1 0
search-gin/internal/service/file_directory_cleaner.go:159.9,160.9 1 0
search-gin/internal/service/file_directory_cleaner.go:166.25,168.16 2 0
search-gin/internal/service/file_directory_cleaner.go:168.16,171.3 2 0
search-gin/internal/service/file_directory_cleaner.go:172.2,174.9 3 0
search-gin/internal/service/file_directory_cleaner.go:174.9,176.3 1 0
search-gin/internal/service/file_directory_cleaner.go:177.2,178.11 2 0
search-gin/internal/service/file_downloader.go:46.64,51.3 4 0
search-gin/internal/service/file_downloader.go:52.46,54.3 1 0
search-gin/internal/service/file_downloader.go:66.51,68.2 1 0
search-gin/internal/service/file_downloader.go:73.78,77.22 4 0
search-gin/internal/service/file_downloader.go:77.22,81.3 3 0
search-gin/internal/service/file_downloader.go:82.2,84.37 2 0
search-gin/internal/service/file_downloader.go:84.37,86.3 1 0
search-gin/internal/service/file_downloader.go:87.2,90.20 4 0
search-gin/internal/service/file_downloader.go:90.20,94.3 3 0
search-gin/internal/service/file_downloader.go:95.2,95.53 1 0
search-gin/internal/service/file_downloader.go:95.53,97.3 1 0
search-gin/internal/service/file_downloader.go:98.2,98.13 1 0
search-gin/internal/service/file_downloader.go:98.13,99.57 1 0
search-gin/internal/service/file_downloader.go:99.57,101.4 1 0
search-gin/internal/service/file_downloader.go:103.2,104.15 2 0
search-gin/internal/service/file_downloader.go:108.62,112.22 4 0
search-gin/internal/service/file_downloader.go:112.22,115.3 2 0
search-gin/internal/service/file_downloader.go:116.2,118.37 2 0
search-gin/internal/service/file_downloader.go:118.37,120.3 1 0
search-gin/internal/service/file_downloader.go:121.2,124.20 4 0
search-gin/internal/service/file_downloader.go:124.20,128.3 3 0
search-gin/internal/service/file_downloader.go:129.2,129.53 1 0
search-gin/internal/service/file_downloader.go:129.53,131.3 1 0
search-gin/internal/service/file_downloader.go:132.2,133.15 2 0
search-gin/internal/service/file_operations.go:13.91,16.55 2 0
search-gin/internal/service/file_operations.go:16.55,18.35 2 0
search-gin/internal/service/file_operations.go:18.35,22.4 3 0
search-gin/internal/service/file_operations.go:24.3,28.17 4 0
search-gin/internal/service/file_operations.go:28.17,30.4 1 0
search-gin/internal/service/file_operations.go:31.3,31.60 1 0
search-gin/internal/service/file_operations.go:34.2,40.16 6 0
search-gin/internal/service/file_operations.go:40.16,42.3 1 0
search-gin/internal/service/file_operations.go:43.2,43.59 1 0
search-gin/internal/service/file_operations.go:47.68,51.25 3 0
search-gin/internal/service/file_operations.go:51.25,55.30 3 0
search-gin/internal/service/file_operations.go:55.30,56.40 1 0
search-gin/internal/service/file_operations.go:56.40,58.10 2 0
search-gin/internal/service/file_operations.go:61.3,61.15 1 0
search-gin/internal/service/file_operations.go:61.15,65.4 3 0
search-gin/internal/service/file_operations.go:67.3,68.31 2 0
search-gin/internal/service/file_operations.go:68.31,69.41 1 0
search-gin/internal/service/file_operations.go:69.41,71.5 1 0
search-gin/internal/service/file_operations.go:73.3,79.17 6 0
search-gin/internal/service/file_operations.go:79.17,81.4 1 0
search-gin/internal/service/file_operations.go:82.3,82.59 1 0
search-gin/internal/service/file_operations.go:85.2,86.15 2 0
search-gin/internal/service/file_operations.go:86.15,90.3 3 0
search-gin/internal/service/file_operations.go:92.2,98.16 6 0
search-gin/internal/service/file_operations.go:98.16,100.3 1 0
search-gin/internal/service/file_operations.go:101.2,101.58 1 0
search-gin/internal/service/file_operations.go:105.70,107.26 2 0
search-gin/internal/service/file_operations.go:107.26,111.3 3 0
search-gin/internal/service/file_operations.go:114.2,117.33 4 0
search-gin/internal/service/file_operations.go:117.33,118.53 1 0
search-gin/internal/service/file_operations.go:118.53,120.4 1 0
search-gin/internal/service/file_operations.go:123.2,124.24 2 0
search-gin/internal/service/file_operations.go:124.24,126.3 1 0
search-gin/internal/service/file_operations.go:128.2,129.21 2 0
search-gin/internal/service/file_operations.go:129.21,132.3 2 0
search-gin/internal/service/file_operations.go:132.8,134.3 1 0
search-gin/internal/service/file_operations.go:136.2,138.16 3 0
search-gin/internal/service/file_operations.go:138.16,140.3 1 0
search-gin/internal/service/file_operations.go:141.2,141.58 1 0
search-gin/internal/service/file_operations.go:145.67,148.23 3 0
search-gin/internal/service/file_operations.go:148.23,151.3 2 0
search-gin/internal/service/file_operations.go:152.2,153.33 2 0
search-gin/internal/service/file_operations.go:153.33,156.3 2 0
search-gin/internal/service/file_operations.go:158.2,160.19 3 0
search-gin/internal/service/file_operations.go:160.19,161.25 1 0
search-gin/internal/service/file_operations.go:161.25,163.40 2 0
search-gin/internal/service/file_operations.go:163.40,166.5 2 0
search-gin/internal/service/file_operations.go:167.4,167.48 1 0
search-gin/internal/service/file_operations.go:169.3,169.24 1 0
search-gin/internal/service/file_operations.go:169.24,172.39 3 0
search-gin/internal/service/file_operations.go:172.39,174.5 1 0
search-gin/internal/service/file_operations.go:175.4,181.31 5 0
search-gin/internal/service/file_operations.go:181.31,183.5 1 0
search-gin/internal/service/file_operations.go:184.4,184.44 1 0
search-gin/internal/service/file_operations.go:186.3,186.51 1 0
search-gin/internal/service/file_operations.go:186.51,190.4 3 0
search-gin/internal/service/file_operations.go:192.2,197.16 4 0
search-gin/internal/service/file_operations.go:197.16,201.3 3 0
search-gin/internal/service/file_operations.go:204.2,204.61 1 0
search-gin/internal/service/file_operations.go:204.61,205.62 1 0
search-gin/internal/service/file_operations.go:205.62,207.24 2 0
search-gin/internal/service/file_operations.go:207.24,209.5 1 0
search-gin/internal/service/file_operations.go:211.3,212.23 2 0
search-gin/internal/service/file_operations.go:212.23,214.4 1 0
search-gin/internal/service/file_operations.go:215.8,215.68 1 0
search-gin/internal/service/file_operations.go:215.68,217.23 2 0
search-gin/internal/service/file_operations.go:217.23,219.4 1 0
search-gin/internal/service/file_operations.go:221.2,221.57 1 0
search-gin/internal/service/file_operations.go:225.83,228.23 3 0
search-gin/internal/service/file_operations.go:228.23,231.3 2 0
search-gin/internal/service/file_operations.go:232.2,233.33 2 0
search-gin/internal/service/file_operations.go:233.33,236.3 2 0
search-gin/internal/service/file_operations.go:237.2,237.32 1 0
search-gin/internal/service/file_operations.go:237.32,239.3 1 0
search-gin/internal/service/file_operations.go:240.2,243.16 4 0
search-gin/internal/service/file_operations.go:243.16,247.3 3 0
search-gin/internal/service/file_operations.go:248.2,248.55 1 0
search-gin/internal/service/file_operations.go:252.43,254.19 2 0
search-gin/internal/service/file_operations.go:254.19,256.3 1 0
search-gin/internal/service/file_operations.go:257.2,263.4 3 0
search-gin/internal/service/file_operations.go:274.36,276.2 1 1
search-gin/internal/service/file_operations.go:279.48,280.10 1 1
search-gin/internal/service/file_operations.go:280.10,282.3 1 1
search-gin/internal/service/file_operations.go:283.2,283.10 1 1
search-gin/internal/service/file_operations.go:287.104,298.2 5 0
search-gin/internal/service/file_scanner.go:19.39,25.53 6 0
search-gin/internal/service/file_scanner.go:25.53,28.3 2 0
search-gin/internal/service/file_scanner.go:29.2,59.36 16 0
search-gin/internal/service/file_scanner.go:59.36,61.3 1 0
search-gin/internal/service/file_scanner.go:63.2,79.17 5 0
search-gin/internal/service/file_scanner.go:83.52,85.2 1 0
search-gin/internal/service/file_scanner.go:88.91,92.18 3 1
search-gin/internal/service/file_scanner.go:92.18,94.3 1 1
search-gin/internal/service/file_scanner.go:96.2,99.31 3 1
search-gin/internal/service/file_scanner.go:99.31,100.23 1 1
search-gin/internal/service/file_scanner.go:100.23,105.4 3 1
search-gin/internal/service/file_scanner.go:108.2,113.28 4 1
search-gin/internal/service/file_scanner.go:113.28,114.45 1 1
search-gin/internal/service/file_scanner.go:114.45,116.4 1 1
search-gin/internal/service/file_scanner.go:119.2,120.16 2 1
search-gin/internal/service/file_scanner.go:124.82,127.18 2 0
search-gin/internal/service/file_scanner.go:127.18,129.3 1 0
search-gin/internal/service/file_scanner.go:131.2,134.28 3 0
search-gin/internal/service/file_scanner.go:134.28,135.31 1 0
search-gin/internal/service/file_scanner.go:135.31,137.4 1 0
search-gin/internal/service/file_scanner.go:140.2,144.15 4 0
search-gin/internal/service/file_scanner.go:148.104,149.15 1 1
search-gin/internal/service/file_scanner.go:149.15,151.3 1 1
search-gin/internal/service/file_scanner.go:154.2,182.56 13 1
search-gin/internal/service/file_scanner.go:186.90,189.2 2 1
search-gin/internal/service/file_scanner.go:192.130,204.24 7 1
search-gin/internal/service/file_scanner.go:204.24,211.15 6 1
search-gin/internal/service/file_scanner.go:211.15,213.18 2 1
search-gin/internal/service/file_scanner.go:213.18,215.13 2 0
search-gin/internal/service/file_scanner.go:218.4,220.41 2 1
search-gin/internal/service/file_scanner.go:220.41,224.39 3 1
search-gin/internal/service/file_scanner.go:224.39,227.6 2 1
search-gin/internal/service/file_scanner.go:227.11,227.26 1 1
search-gin/internal/service/file_scanner.go:227.26,232.20 4 1
search-gin/internal/service/file_scanner.go:232.20,234.15 2 0
search-gin/internal/service/file_scanner.go:236.6,236.43 1 1
search-gin/internal/service/file_scanner.go:236.43,241.7 3 1
search-gin/internal/service/file_scanner.go:242.6,242.41 1 1
search-gin/internal/service/file_scanner.go:247.9,249.75 2 1
search-gin/internal/service/file_scanner.go:249.75,251.5 1 1
search-gin/internal/service/file_scanner.go:253.4,253.33 1 1
search-gin/internal/service/file_scanner.go:253.33,256.5 2 1
search-gin/internal/service/file_scanner.go:260.2,260.38 1 1
search-gin/internal/service/file_video_processor.go:16.67,17.20 1 0
search-gin/internal/service/file_video_processor.go:18.14,19.59 1 0
search-gin/internal/service/file_video_processor.go:20.14,21.59 1 0
search-gin/internal/service/file_video_processor.go:22.10,23.38 1 0
search-gin/internal/service/file_video_processor.go:28.90,32.23 3 0
search-gin/internal/service/file_video_processor.go:32.23,33.22 1 0
search-gin/internal/service/file_video_processor.go:33.22,35.4 1 0
search-gin/internal/service/file_video_processor.go:35.9,37.4 1 0
search-gin/internal/service/file_video_processor.go:40.2,45.24 5 0
search-gin/internal/service/file_video_processor.go:45.24,47.3 1 0
search-gin/internal/service/file_video_processor.go:48.2,52.21 3 0
search-gin/internal/service/file_video_processor.go:52.21,54.3 1 0
search-gin/internal/service/file_video_processor.go:56.2,56.12 1 0
search-gin/internal/service/file_video_processor.go:59.62,61.99 1 0
search-gin/internal/service/file_video_processor.go:61.99,63.3 1 0
search-gin/internal/service/file_video_processor.go:64.2,64.31 1 0
search-gin/internal/service/file_video_processor.go:66.41,67.34 1 0
search-gin/internal/service/file_video_processor.go:67.34,68.41 1 0
search-gin/internal/service/file_video_processor.go:68.41,70.4 1 0
search-gin/internal/service/file_video_processor.go:75.72,79.23 3 0
search-gin/internal/service/file_video_processor.go:79.23,80.22 1 0
search-gin/internal/service/file_video_processor.go:80.22,82.4 1 0
search-gin/internal/service/file_video_processor.go:82.9,84.4 1 0
search-gin/internal/service/file_video_processor.go:87.2,91.21 4 0
search-gin/internal/service/file_video_processor.go:91.21,93.3 1 0
search-gin/internal/service/file_video_processor.go:95.2,95.12 1 0
search-gin/internal/service/file_video_processor.go:99.60,104.65 3 0
search-gin/internal/service/file_video_processor.go:104.65,105.52 1 0
search-gin/internal/service/file_video_processor.go:105.52,107.4 1 0
search-gin/internal/service/file_video_processor.go:110.2,110.42 1 0
search-gin/internal/service/file_video_processor.go:110.42,112.3 1 0
search-gin/internal/service/file_video_processor.go:114.2,114.12 1 0
search-gin/internal/service/file_video_processor.go:118.62,123.20 4 0
search-gin/internal/service/file_video_processor.go:123.20,126.22 2 0
search-gin/internal/service/file_video_processor.go:126.22,128.4 1 0
search-gin/internal/service/file_video_processor.go:131.2,135.53 4 0
search-gin/internal/service/file_video_processor.go:135.53,137.3 1 0
search-gin/internal/service/file_video_processor.go:139.2,139.12 1 0
search-gin/internal/service/file_video_processor.go:143.73,147.82 3 0
search-gin/internal/service/file_video_processor.go:147.82,150.3 2 0
search-gin/internal/service/file_video_processor.go:152.2,153.16 2 0
search-gin/internal/service/file_video_processor.go:153.16,155.3 1 0
search-gin/internal/service/file_video_processor.go:156.2,161.24 4 0
search-gin/internal/service/file_video_processor.go:161.24,163.3 1 0
search-gin/internal/service/file_video_processor.go:165.2,175.31 4 0
search-gin/internal/service/file_video_processor.go:175.31,177.3 1 0
search-gin/internal/service/file_video_processor.go:179.2,180.19 2 0
search-gin/internal/service/file_video_processor.go:180.19,183.3 2 0
search-gin/internal/service/file_video_processor.go:185.2,186.12 2 0
search-gin/internal/service/file_video_processor.go:190.29,191.24 1 0
search-gin/internal/service/file_video_processor.go:191.24,193.3 1 0
search-gin/internal/service/file_video_processor.go:194.2,194.21 1 0
search-gin/internal/service/file_video_processor.go:198.58,202.9 4 0
search-gin/internal/service/file_video_processor.go:202.9,204.3 1 0
search-gin/internal/service/file_video_processor.go:205.2,207.15 3 0
search-gin/internal/service/file_video_processor.go:207.15,209.3 1 0
search-gin/internal/service/file_video_processor.go:210.2,211.21 2 0
search-gin/internal/service/file_video_processor.go:215.68,218.31 3 0
search-gin/internal/service/file_video_processor.go:218.31,220.3 1 0
search-gin/internal/service/file_video_processor.go:221.2,221.29 1 0
search-gin/internal/service/file_video_processor.go:225.64,228.13 3 0
search-gin/internal/service/file_video_processor.go:228.13,231.3 2 0
search-gin/internal/service/file_video_processor.go:232.2,242.19 8 0
search-gin/internal/service/file_video_processor.go:242.19,246.3 3 0
search-gin/internal/service/file_video_processor.go:248.2,249.46 2 0
search-gin/internal/service/hw_accel.go:23.22,27.35 3 0
search-gin/internal/service/hw_accel.go:27.35,29.3 1 0
search-gin/internal/service/hw_accel.go:30.2,33.17 3 0
search-gin/internal/service/hw_accel.go:33.17,38.3 4 0
search-gin/internal/service/hw_accel.go:40.2,42.31 3 0
search-gin/internal/service/hw_accel.go:42.31,44.3 1 0
search-gin/internal/service/hw_accel.go:45.2,46.16 2 0
search-gin/internal/service/hw_accel.go:46.16,49.3 2 0
search-gin/internal/service/hw_accel.go:51.2,67.29 4 0
search-gin/internal/service/hw_accel.go:67.29,70.23 3 0
search-gin/internal/service/hw_accel.go:70.23,78.4 7 0
search-gin/internal/service/hw_accel.go:81.2,81.29 1 0
search-gin/internal/service/hw_accel.go:81.29,82.39 1 0
search-gin/internal/service/hw_accel.go:82.39,89.4 6 0
search-gin/internal/service/hw_accel.go:92.2,93.20 2 0
search-gin/internal/service/hw_accel.go:97.30,98.41 1 1
search-gin/internal/service/hw_accel.go:98.41,102.25 4 0
search-gin/internal/service/hw_accel.go:102.25,104.4 1 0
search-gin/internal/service/hw_accel.go:106.2,106.18 1 1
search-gin/internal/service/hw_accel.go:110.30,111.41 1 1
search-gin/internal/service/hw_accel.go:111.41,115.25 4 0
search-gin/internal/service/hw_accel.go:115.25,117.4 1 0
search-gin/internal/service/hw_accel.go:119.2,119.18 1 1
search-gin/internal/service/hw_accel.go:123.34,127.2 3 1
search-gin/internal/service/hw_accel.go:130.33,131.41 1 1
search-gin/internal/service/hw_accel.go:131.41,135.24 4 0
search-gin/internal/service/hw_accel.go:135.24,137.4 1 0
search-gin/internal/service/hw_accel.go:139.2,139.11 1 1
search-gin/internal/service/hw_accel.go:143.33,144.41 1 1
search-gin/internal/service/hw_accel.go:144.41,148.47 4 0
search-gin/internal/service/hw_accel.go:148.47,150.4 1 0
search-gin/internal/service/hw_accel.go:152.2,152.15 1 1
search-gin/internal/service/hw_accel.go:158.35,162.35 4 0
search-gin/internal/service/hw_accel.go:162.35,165.3 2 0
search-gin/internal/service/hw_accel.go:166.2,166.14 1 0
search-gin/internal/service/hw_accel.go:170.27,176.2 5 0
search-gin/internal/service/index_engine_bucket.go:22.43,27.31 4 1
search-gin/internal/service/index_engine_bucket.go:27.31,30.3 2 1
search-gin/internal/service/index_engine_bucket.go:32.2,33.37 2 1
search-gin/internal/service/index_engine_bucket.go:33.37,35.23 2 1
search-gin/internal/service/index_engine_bucket.go:35.23,37.4 1 1
search-gin/internal/service/index_engine_bucket.go:38.3,38.29 1 1
search-gin/internal/service/index_engine_bucket.go:41.2,47.3 1 1
search-gin/internal/service/index_engine_bucket.go:50.43,58.2 1 1
search-gin/internal/service/index_engine_bucket.go:60.79,64.2 3 1
search-gin/internal/service/index_engine_bucket.go:66.41,68.2 1 1
search-gin/internal/service/index_engine_bucket.go:70.38,72.2 1 1
search-gin/internal/service/index_engine_bucket.go:74.45,77.23 3 1
search-gin/internal/service/index_engine_bucket.go:77.23,79.3 1 1
search-gin/internal/service/index_engine_bucket.go:80.2,87.22 6 1
search-gin/internal/service/index_engine_bucket.go:91.56,94.29 3 1
search-gin/internal/service/index_engine_bucket.go:94.29,95.27 1 1
search-gin/internal/service/index_engine_bucket.go:95.27,97.4 1 1
search-gin/internal/service/index_engine_bucket.go:98.3,103.26 6 1
search-gin/internal/service/index_engine_bucket.go:108.56,109.23 1 1
search-gin/internal/service/index_engine_bucket.go:109.23,111.3 1 1
search-gin/internal/service/index_engine_bucket.go:112.2,112.45 1 1
search-gin/internal/service/index_engine_bucket.go:112.45,114.3 1 1
search-gin/internal/service/index_engine_bucket.go:115.2,115.46 1 1
search-gin/internal/service/index_engine_bucket.go:118.54,122.8 4 1
search-gin/internal/service/index_engine_bucket.go:122.8,124.3 1 1
search-gin/internal/service/index_engine_bucket.go:125.2,125.12 1 1
search-gin/internal/service/index_engine_bucket.go:128.91,135.52 5 1
search-gin/internal/service/index_engine_bucket.go:135.52,137.3 1 1
search-gin/internal/service/index_engine_bucket.go:140.2,141.32 2 1
search-gin/internal/service/index_engine_bucket.go:141.32,142.75 1 1
search-gin/internal/service/index_engine_bucket.go:142.75,144.4 1 1
search-gin/internal/service/index_engine_bucket.go:146.2,146.30 1 1
search-gin/internal/service/index_engine_bucket.go:146.30,147.73 1 1
search-gin/internal/service/index_engine_bucket.go:147.73,150.4 2 1
search-gin/internal/service/index_engine_bucket.go:154.2,155.35 2 1
search-gin/internal/service/index_engine_bucket.go:155.35,157.44 2 1
search-gin/internal/service/index_engine_bucket.go:157.44,159.4 1 1
search-gin/internal/service/index_engine_bucket.go:163.2,163.44 1 1
search-gin/internal/service/index_engine_bucket.go:163.44,164.106 1 1
search-gin/internal/service/index_engine_bucket.go:164.106,166.4 1 1
search-gin/internal/service/index_engine_bucket.go:167.3,167.22 1 1
search-gin/internal/service/index_engine_bucket.go:167.22,169.4 1 1
search-gin/internal/service/index_engine_bucket.go:170.3,170.39 1 1
search-gin/internal/service/index_engine_bucket.go:175.2,175.56 1 1
search-gin/internal/service/index_engine_bucket.go:175.56,177.49 2 1
search-gin/internal/service/index_engine_bucket.go:177.49,178.28 1 1
search-gin/internal/service/index_engine_bucket.go:178.28,179.39 1 1
search-gin/internal/service/index_engine_bucket.go:179.39,180.22 1 1
search-gin/internal/service/index_engine_bucket.go:180.22,182.7 1 1
search-gin/internal/service/index_engine_bucket.go:186.3,186.18 1 1
search-gin/internal/service/index_engine_bucket.go:187.8,191.35 3 1
search-gin/internal/service/index_engine_bucket.go:191.35,193.4 1 1
search-gin/internal/service/index_engine_bucket.go:194.3,198.33 3 1
search-gin/internal/service/index_engine_bucket.go:198.33,199.20 1 1
search-gin/internal/service/index_engine_bucket.go:199.20,202.5 2 1
search-gin/internal/service/index_engine_bucket.go:204.3,204.23 1 1
search-gin/internal/service/index_engine_bucket.go:207.2,207.22 1 1
search-gin/internal/service/index_engine_bucket.go:211.66,213.35 2 1
search-gin/internal/service/index_engine_bucket.go:213.35,214.43 1 1
search-gin/internal/service/index_engine_bucket.go:214.43,216.4 1 1
search-gin/internal/service/index_engine_bucket.go:218.2,218.13 1 1
search-gin/internal/service/index_engine_bucket.go:222.139,223.40 1 1
search-gin/internal/service/index_engine_bucket.go:223.40,225.3 1 1
search-gin/internal/service/index_engine_bucket.go:226.2,226.40 1 1
search-gin/internal/service/index_engine_bucket.go:226.40,228.3 1 1
search-gin/internal/service/index_engine_bucket.go:229.2,229.19 1 1
search-gin/internal/service/index_engine_bucket.go:229.19,231.35 2 1
search-gin/internal/service/index_engine_bucket.go:231.35,233.4 1 1
search-gin/internal/service/index_engine_bucket.go:235.2,235.38 1 1
search-gin/internal/service/index_engine_bucket.go:235.38,238.25 2 1
search-gin/internal/service/index_engine_bucket.go:238.25,240.4 1 0
search-gin/internal/service/index_engine_bucket.go:240.9,240.30 1 1
search-gin/internal/service/index_engine_bucket.go:240.30,243.18 3 1
search-gin/internal/service/index_engine_bucket.go:243.18,245.5 1 0
search-gin/internal/service/index_engine_bucket.go:246.9,248.4 1 0
search-gin/internal/service/index_engine_bucket.go:249.3,249.52 1 1
search-gin/internal/service/index_engine_bucket.go:249.52,251.4 1 1
search-gin/internal/service/index_engine_bucket.go:252.3,252.47 1 1
search-gin/internal/service/index_engine_bucket.go:252.47,254.4 1 1
search-gin/internal/service/index_engine_bucket.go:256.2,256.13 1 1
search-gin/internal/service/index_engine_builder.go:15.80,16.15 1 0
search-gin/internal/service/index_engine_builder.go:16.15,17.31 1 0
search-gin/internal/service/index_engine_builder.go:17.31,20.4 2 0
search-gin/internal/service/index_engine_builder.go:23.2,34.109 9 0
search-gin/internal/service/index_engine_builder.go:38.86,39.15 1 1
search-gin/internal/service/index_engine_builder.go:39.15,40.31 1 1
search-gin/internal/service/index_engine_builder.go:40.31,43.4 2 0
search-gin/internal/service/index_engine_builder.go:46.2,54.25 7 1
search-gin/internal/service/index_engine_builder.go:54.25,56.3 1 1
search-gin/internal/service/index_engine_builder.go:58.2,60.32 3 1
search-gin/internal/service/index_engine_builder.go:60.32,61.19 1 1
search-gin/internal/service/index_engine_builder.go:61.19,62.12 1 1
search-gin/internal/service/index_engine_builder.go:64.3,64.30 1 1
search-gin/internal/service/index_engine_builder.go:64.30,65.12 1 0
search-gin/internal/service/index_engine_builder.go:67.3,67.20 1 1
search-gin/internal/service/index_engine_builder.go:69.2,69.46 1 1
search-gin/internal/service/index_engine_builder.go:69.46,71.3 1 1
search-gin/internal/service/index_engine_builder.go:73.2,80.108 6 1
search-gin/internal/service/index_engine_builder.go:84.97,85.15 1 0
search-gin/internal/service/index_engine_builder.go:85.15,86.31 1 0
search-gin/internal/service/index_engine_builder.go:86.31,89.4 2 0
search-gin/internal/service/index_engine_builder.go:92.2,100.25 7 0
search-gin/internal/service/index_engine_builder.go:100.25,102.3 1 0
search-gin/internal/service/index_engine_builder.go:104.2,105.32 2 0
search-gin/internal/service/index_engine_builder.go:105.32,106.19 1 0
search-gin/internal/service/index_engine_builder.go:106.19,107.12 1 0
search-gin/internal/service/index_engine_builder.go:109.3,109.30 1 0
search-gin/internal/service/index_engine_builder.go:109.30,110.12 1 0
search-gin/internal/service/index_engine_builder.go:112.3,112.20 1 0
search-gin/internal/service/index_engine_builder.go:114.2,114.46 1 0
search-gin/internal/service/index_engine_builder.go:114.46,116.3 1 0
search-gin/internal/service/index_engine_builder.go:118.2,130.46 3 0
search-gin/internal/service/index_engine_builder.go:130.46,132.3 1 0
search-gin/internal/service/index_engine_builder.go:133.2,133.46 1 0
search-gin/internal/service/index_engine_builder.go:133.46,135.3 1 0
search-gin/internal/service/index_engine_builder.go:137.2,149.136 8 0
search-gin/internal/service/index_engine_builder.go:155.73,165.28 2 1
search-gin/internal/service/index_engine_builder.go:165.28,167.3 1 1
search-gin/internal/service/index_engine_builder.go:169.2,173.39 4 1
search-gin/internal/service/index_engine_builder.go:173.39,174.23 1 1
search-gin/internal/service/index_engine_builder.go:174.23,175.12 1 1
search-gin/internal/service/index_engine_builder.go:177.3,181.40 3 1
search-gin/internal/service/index_engine_builder.go:181.40,184.23 2 1
search-gin/internal/service/index_engine_builder.go:184.23,187.11 3 1
search-gin/internal/service/index_engine_builder.go:187.11,192.6 4 1
search-gin/internal/service/index_engine_builder.go:192.11,194.6 1 1
search-gin/internal/service/index_engine_builder.go:196.5,199.11 4 1
search-gin/internal/service/index_engine_builder.go:199.11,204.6 4 1
search-gin/internal/service/index_engine_builder.go:204.11,206.6 1 1
search-gin/internal/service/index_engine_builder.go:210.3,210.22 1 1
search-gin/internal/service/index_engine_builder.go:213.2,214.32 2 1
search-gin/internal/service/index_engine_builder.go:214.32,216.3 1 1
search-gin/internal/service/index_engine_builder.go:217.2,217.47 1 1
search-gin/internal/service/index_engine_builder.go:217.47,219.3 1 1
search-gin/internal/service/index_engine_builder.go:220.2,222.14 2 1
search-gin/internal/service/index_engine_builder.go:227.73,229.24 2 0
search-gin/internal/service/index_engine_builder.go:229.24,240.3 3 0
search-gin/internal/service/index_engine_builder.go:241.2,241.12 1 0
search-gin/internal/service/index_engine_builder.go:244.76,246.24 2 0
search-gin/internal/service/index_engine_builder.go:246.24,248.3 1 0
search-gin/internal/service/index_engine_builder.go:249.2,249.12 1 0
search-gin/internal/service/index_engine_builder.go:252.70,255.39 3 0
search-gin/internal/service/index_engine_builder.go:255.39,257.3 1 0
search-gin/internal/service/index_engine_builder.go:260.63,263.39 3 0
search-gin/internal/service/index_engine_builder.go:263.39,265.3 1 0
search-gin/internal/service/index_engine_builder.go:269.43,274.39 4 0
search-gin/internal/service/index_engine_builder.go:274.39,275.23 1 0
search-gin/internal/service/index_engine_builder.go:275.23,276.12 1 0
search-gin/internal/service/index_engine_builder.go:278.3,280.40 2 0
search-gin/internal/service/index_engine_builder.go:280.40,281.22 1 0
search-gin/internal/service/index_engine_builder.go:281.22,282.13 1 0
search-gin/internal/service/index_engine_builder.go:285.4,286.10 2 0
search-gin/internal/service/index_engine_builder.go:286.10,291.5 4 0
search-gin/internal/service/index_engine_builder.go:291.10,293.5 1 0
search-gin/internal/service/index_engine_builder.go:295.4,298.10 4 0
search-gin/internal/service/index_engine_builder.go:298.10,303.5 4 0
search-gin/internal/service/index_engine_builder.go:303.10,305.5 1 0
search-gin/internal/service/index_engine_builder.go:308.3,308.22 1 0
search-gin/internal/service/index_engine_builder.go:311.2,312.32 2 0
search-gin/internal/service/index_engine_builder.go:312.32,314.3 1 0
search-gin/internal/service/index_engine_builder.go:315.2,315.47 1 0
search-gin/internal/service/index_engine_builder.go:315.47,317.3 1 0
search-gin/internal/service/index_engine_builder.go:318.2,318.34 1 0
search-gin/internal/service/index_engine_builder.go:323.71,330.27 4 0
search-gin/internal/service/index_engine_builder.go:330.27,331.51 1 0
search-gin/internal/service/index_engine_builder.go:331.51,334.20 3 0
search-gin/internal/service/index_engine_builder.go:334.20,336.5 1 0
search-gin/internal/service/index_engine_builder.go:336.10,338.5 1 0
search-gin/internal/service/index_engine_builder.go:342.2,343.14 2 0
search-gin/internal/service/index_engine_builder.go:343.14,345.3 1 0
search-gin/internal/service/index_engine_builder.go:346.2,346.37 1 0
search-gin/internal/service/index_engine_builder.go:346.37,348.23 2 0
search-gin/internal/service/index_engine_builder.go:348.23,350.4 1 0
search-gin/internal/service/index_engine_builder.go:350.9,352.4 1 0
search-gin/internal/service/index_engine_builder.go:354.2,354.43 1 0
search-gin/internal/service/index_engine_builder.go:354.43,356.23 2 0
search-gin/internal/service/index_engine_builder.go:356.23,358.4 1 0
search-gin/internal/service/index_engine_builder.go:358.9,360.4 1 0
search-gin/internal/service/index_engine_builder.go:363.2,363.28 1 0
search-gin/internal/service/index_engine_builder.go:363.28,364.48 1 0
search-gin/internal/service/index_engine_builder.go:364.48,366.24 2 0
search-gin/internal/service/index_engine_builder.go:366.24,368.5 1 0
search-gin/internal/service/index_engine_builder.go:368.10,370.5 1 0
search-gin/internal/service/index_engine_builder.go:374.2,374.27 1 0
search-gin/internal/service/index_engine_builder.go:374.27,375.51 1 0
search-gin/internal/service/index_engine_builder.go:375.51,377.24 2 0
search-gin/internal/service/index_engine_builder.go:377.24,379.5 1 0
search-gin/internal/service/index_engine_builder.go:379.10,381.5 1 0
search-gin/internal/service/index_engine_builder.go:386.64,391.20 3 1
search-gin/internal/service/index_engine_builder.go:391.20,393.3 1 1
search-gin/internal/service/index_engine_builder.go:395.2,395.27 1 1
search-gin/internal/service/index_engine_builder.go:395.27,396.51 1 1
search-gin/internal/service/index_engine_builder.go:396.51,402.4 5 1
search-gin/internal/service/index_engine_builder.go:402.9,404.4 1 1
search-gin/internal/service/index_engine_builder.go:407.2,408.14 2 1
search-gin/internal/service/index_engine_builder.go:408.14,410.3 1 1
search-gin/internal/service/index_engine_builder.go:411.2,411.37 1 1
search-gin/internal/service/index_engine_builder.go:411.37,413.3 1 1
search-gin/internal/service/index_engine_builder.go:413.8,415.3 1 1
search-gin/internal/service/index_engine_builder.go:416.2,416.43 1 1
search-gin/internal/service/index_engine_builder.go:416.43,418.3 1 1
search-gin/internal/service/index_engine_builder.go:418.8,420.3 1 1
search-gin/internal/service/index_engine_builder.go:422.2,422.28 1 1
search-gin/internal/service/index_engine_builder.go:422.28,423.48 1 1
search-gin/internal/service/index_engine_builder.go:423.48,425.4 1 1
search-gin/internal/service/index_engine_builder.go:425.9,427.4 1 1
search-gin/internal/service/index_engine_builder.go:430.2,430.27 1 1
search-gin/internal/service/index_engine_builder.go:430.27,431.51 1 1
search-gin/internal/service/index_engine_builder.go:431.51,433.4 1 1
search-gin/internal/service/index_engine_builder.go:433.9,435.4 1 1
search-gin/internal/service/index_engine_builder.go:440.74,443.2 2 0
search-gin/internal/service/index_engine_builder.go:446.61,449.2 2 0
search-gin/internal/service/index_engine_builder.go:450.56,452.2 1 0
search-gin/internal/service/index_engine_builder.go:456.59,473.25 8 0
search-gin/internal/service/index_engine_builder.go:473.25,475.37 2 0
search-gin/internal/service/index_engine_builder.go:475.37,477.4 1 0
search-gin/internal/service/index_engine_builder.go:477.9,480.4 2 0
search-gin/internal/service/index_engine_builder.go:484.2,486.29 2 0
search-gin/internal/service/index_engine_builder.go:486.29,488.20 2 0
search-gin/internal/service/index_engine_builder.go:488.20,489.12 1 0
search-gin/internal/service/index_engine_builder.go:493.3,496.29 3 0
search-gin/internal/service/index_engine_builder.go:496.29,497.21 1 0
search-gin/internal/service/index_engine_builder.go:498.19,499.63 1 0
search-gin/internal/service/index_engine_builder.go:499.63,500.14 1 0
search-gin/internal/service/index_engine_builder.go:503.6,508.53 5 0
search-gin/internal/service/index_engine_builder.go:508.53,509.36 1 0
search-gin/internal/service/index_engine_builder.go:509.36,510.67 1 0
search-gin/internal/service/index_engine_builder.go:510.67,512.25 2 0
search-gin/internal/service/index_engine_builder.go:512.25,514.9 1 0
search-gin/internal/service/index_engine_builder.go:517.6,517.36 1 0
search-gin/internal/service/index_engine_builder.go:517.36,518.59 1 0
search-gin/internal/service/index_engine_builder.go:518.59,520.8 1 0
search-gin/internal/service/index_engine_builder.go:521.7,521.76 1 0
search-gin/internal/service/index_engine_builder.go:525.6,527.19 3 0
search-gin/internal/service/index_engine_builder.go:529.18,531.16 2 0
search-gin/internal/service/index_engine_builder.go:531.16,532.14 1 0
search-gin/internal/service/index_engine_builder.go:535.5,538.30 4 0
search-gin/internal/service/index_engine_builder.go:538.30,539.61 1 0
search-gin/internal/service/index_engine_builder.go:539.61,541.24 2 0
search-gin/internal/service/index_engine_builder.go:541.24,543.8 1 0
search-gin/internal/service/index_engine_builder.go:547.5,548.19 2 0
search-gin/internal/service/index_engine_builder.go:552.3,552.14 1 0
search-gin/internal/service/index_engine_builder.go:552.14,554.4 1 0
search-gin/internal/service/index_engine_builder.go:558.2,563.95 4 0
search-gin/internal/service/index_engine_builder.go:567.56,569.34 2 0
search-gin/internal/service/index_engine_builder.go:569.34,571.3 1 0
search-gin/internal/service/index_engine_builder.go:573.2,574.36 2 0
search-gin/internal/service/index_engine_builder.go:574.36,576.3 1 0
search-gin/internal/service/index_engine_builder.go:578.2,579.35 2 0
search-gin/internal/service/index_engine_builder.go:579.35,581.3 1 0
search-gin/internal/service/index_engine_builder.go:583.2,584.34 2 0
search-gin/internal/service/index_engine_builder.go:584.34,586.3 1 0
search-gin/internal/service/index_engine_builder.go:588.2,589.38 2 0
search-gin/internal/service/index_engine_builder.go:589.38,591.3 1 0
search-gin/internal/service/index_engine_builder.go:594.2,595.34 2 0
search-gin/internal/service/index_engine_builder.go:595.34,597.3 1 0
search-gin/internal/service/index_engine_builder.go:599.2,610.3 1 0
search-gin/internal/service/index_engine_cache.go:52.43,53.24 1 1
search-gin/internal/service/index_engine_cache.go:53.24,55.3 1 1
search-gin/internal/service/index_engine_cache.go:56.2,56.29 1 0
search-gin/internal/service/index_engine_cache.go:56.29,58.3 1 0
search-gin/internal/service/index_engine_cache.go:60.2,62.31 3 0
search-gin/internal/service/index_engine_cache.go:62.31,64.3 1 0
search-gin/internal/service/index_engine_cache.go:65.2,66.26 2 0
search-gin/internal/service/index_engine_cache.go:70.19,76.16 5 0
search-gin/internal/service/index_engine_cache.go:76.16,78.3 1 0
search-gin/internal/service/index_engine_cache.go:80.2,80.12 1 0
search-gin/internal/service/index_engine_cache.go:80.12,83.3 2 0
search-gin/internal/service/index_engine_cache.go:87.19,91.31 3 0
search-gin/internal/service/index_engine_cache.go:91.31,94.3 2 0
search-gin/internal/service/index_engine_cache.go:95.2,98.16 3 0
search-gin/internal/service/index_engine_cache.go:98.16,100.3 1 0
search-gin/internal/service/index_engine_cache.go:102.2,102.19 1 0
search-gin/internal/service/index_engine_cache.go:106.37,118.32 3 0
search-gin/internal/service/index_engine_cache.go:118.32,128.3 3 0
search-gin/internal/service/index_engine_cache.go:130.2,134.12 4 0
search-gin/internal/service/index_engine_cache.go:134.12,139.17 5 0
search-gin/internal/service/index_engine_cache.go:139.17,142.4 2 0
search-gin/internal/service/index_engine_cache.go:144.3,145.42 2 0
search-gin/internal/service/index_engine_cache.go:145.42,150.4 4 0
search-gin/internal/service/index_engine_cache.go:151.3,153.55 2 0
search-gin/internal/service/index_engine_cache.go:153.55,156.4 2 0
search-gin/internal/service/index_engine_cache.go:157.3,157.111 1 0
search-gin/internal/service/index_engine_cache.go:160.2,160.9 1 0
search-gin/internal/service/index_engine_cache.go:161.14,161.14 0 0
search-gin/internal/service/index_engine_cache.go:162.20,163.68 1 0
search-gin/internal/service/index_engine_cache.go:168.52,169.24 1 0
search-gin/internal/service/index_engine_cache.go:169.24,171.3 1 0
search-gin/internal/service/index_engine_cache.go:172.2,174.54 2 0
search-gin/internal/service/index_engine_cache.go:174.54,176.3 1 0
search-gin/internal/service/index_engine_cache.go:178.2,179.16 2 0
search-gin/internal/service/index_engine_cache.go:179.16,182.3 2 0
search-gin/internal/service/index_engine_cache.go:183.2,187.42 4 0
search-gin/internal/service/index_engine_cache.go:187.42,190.3 2 0
search-gin/internal/service/index_engine_cache.go:193.2,196.34 4 0
search-gin/internal/service/index_engine_cache.go:196.34,207.3 4 0
search-gin/internal/service/index_engine_cache.go:209.2,223.13 4 0
search-gin/internal/service/index_engine_executor.go:21.76,32.23 11 0
search-gin/internal/service/index_engine_executor.go:32.23,34.3 1 0
search-gin/internal/service/index_engine_executor.go:35.2,37.15 3 0
search-gin/internal/service/index_engine_executor.go:41.84,43.18 2 1
search-gin/internal/service/index_engine_executor.go:43.18,45.3 1 1
search-gin/internal/service/index_engine_executor.go:46.2,46.38 1 1
search-gin/internal/service/index_engine_executor.go:46.38,48.3 1 0
search-gin/internal/service/index_engine_executor.go:49.2,49.30 1 1
search-gin/internal/service/index_engine_executor.go:53.91,56.9 3 1
search-gin/internal/service/index_engine_executor.go:56.9,58.3 1 1
search-gin/internal/service/index_engine_executor.go:59.2,60.46 2 0
search-gin/internal/service/index_engine_executor.go:60.46,63.3 2 0
search-gin/internal/service/index_engine_executor.go:64.2,68.16 5 0
search-gin/internal/service/index_engine_executor.go:72.103,74.22 2 1
search-gin/internal/service/index_engine_executor.go:74.22,77.3 2 1
search-gin/internal/service/index_engine_executor.go:79.2,89.39 7 1
search-gin/internal/service/index_engine_executor.go:89.39,90.23 1 1
search-gin/internal/service/index_engine_executor.go:90.23,91.12 1 0
search-gin/internal/service/index_engine_executor.go:93.3,94.31 2 1
search-gin/internal/service/index_engine_executor.go:94.31,95.17 1 1
search-gin/internal/service/index_engine_executor.go:95.17,96.33 1 1
search-gin/internal/service/index_engine_executor.go:96.33,98.6 1 0
search-gin/internal/service/index_engine_executor.go:100.4,101.22 2 1
search-gin/internal/service/index_engine_executor.go:101.22,102.12 1 1
search-gin/internal/service/index_engine_executor.go:103.26,103.26 0 1
search-gin/internal/service/index_engine_executor.go:104.23,104.23 0 0
search-gin/internal/service/index_engine_executor.go:105.20,105.20 0 0
search-gin/internal/service/index_engine_executor.go:111.2,111.12 1 1
search-gin/internal/service/index_engine_executor.go:111.12,115.10 3 1
search-gin/internal/service/index_engine_executor.go:116.18,116.18 0 0
search-gin/internal/service/index_engine_executor.go:117.11,118.21 1 1
search-gin/internal/service/index_engine_executor.go:123.2,128.52 4 1
search-gin/internal/service/index_engine_executor.go:128.52,130.3 1 1
search-gin/internal/service/index_engine_executor.go:132.2,133.16 2 1
search-gin/internal/service/index_engine_executor.go:137.128,139.6 1 1
search-gin/internal/service/index_engine_executor.go:139.6,140.10 1 1
search-gin/internal/service/index_engine_executor.go:141.25,142.11 1 1
search-gin/internal/service/index_engine_executor.go:142.11,143.15 1 1
search-gin/internal/service/index_engine_executor.go:145.4,147.29 3 1
search-gin/internal/service/index_engine_executor.go:148.21,151.30 2 0
search-gin/internal/service/index_engine_executor.go:151.30,152.12 1 0
search-gin/internal/service/index_engine_executor.go:153.27,154.13 1 0
search-gin/internal/service/index_engine_executor.go:154.13,156.12 2 0
search-gin/internal/service/index_engine_executor.go:158.6,160.31 3 0
search-gin/internal/service/index_engine_executor.go:161.13,162.17 1 0
search-gin/internal/service/index_engine_executor.go:165.4,165.14 1 0
search-gin/internal/service/index_engine_executor.go:171.92,173.49 1 1
search-gin/internal/service/index_engine_executor.go:173.49,178.3 4 0
search-gin/internal/service/index_engine_executor.go:180.2,181.32 2 1
search-gin/internal/service/index_engine_executor.go:181.32,184.3 2 1
search-gin/internal/service/index_engine_executor.go:185.2,188.16 4 1
search-gin/internal/service/index_engine_executor.go:194.101,197.31 2 0
search-gin/internal/service/index_engine_executor.go:197.31,198.32 1 0
search-gin/internal/service/index_engine_executor.go:199.15,203.20 4 0
search-gin/internal/service/index_engine_executor.go:203.20,205.5 1 0
search-gin/internal/service/index_engine_executor.go:206.14,210.20 4 0
search-gin/internal/service/index_engine_executor.go:210.20,212.5 1 0
search-gin/internal/service/index_engine_executor.go:216.2,217.31 2 0
search-gin/internal/service/index_engine_executor.go:217.31,219.42 2 0
search-gin/internal/service/index_engine_executor.go:219.42,221.4 1 0
search-gin/internal/service/index_engine_executor.go:222.8,224.42 2 0
search-gin/internal/service/index_engine_executor.go:224.42,225.58 1 0
search-gin/internal/service/index_engine_executor.go:225.58,227.5 1 0
search-gin/internal/service/index_engine_executor.go:231.2,231.31 1 0
search-gin/internal/service/index_engine_executor.go:232.14,233.42 1 0
search-gin/internal/service/index_engine_executor.go:233.42,233.84 1 0
search-gin/internal/service/index_engine_executor.go:234.3,234.32 1 0
search-gin/internal/service/index_engine_executor.go:234.32,238.4 3 0
search-gin/internal/service/index_engine_executor.go:239.13,240.42 1 0
search-gin/internal/service/index_engine_executor.go:240.42,240.82 1 0
search-gin/internal/service/index_engine_executor.go:241.3,241.32 1 0
search-gin/internal/service/index_engine_executor.go:241.32,245.4 3 0
search-gin/internal/service/index_engine_executor.go:248.2,248.47 1 0
search-gin/internal/service/index_engine_executor.go:252.103,259.2 6 0
search-gin/internal/service/index_engine_executor.go:264.64,266.36 2 1
search-gin/internal/service/index_engine_executor.go:266.36,268.3 1 1
search-gin/internal/service/index_engine_executor.go:269.2,269.25 1 1
search-gin/internal/service/index_engine_executor.go:273.72,275.40 2 1
search-gin/internal/service/index_engine_executor.go:275.40,277.3 1 1
search-gin/internal/service/index_engine_executor.go:278.2,278.23 1 1
search-gin/internal/service/index_engine_executor.go:282.50,284.2 1 1
search-gin/internal/service/index_engine_manager.go:57.54,59.14 2 1
search-gin/internal/service/index_engine_manager.go:59.14,68.3 1 1
search-gin/internal/service/index_engine_manager.go:69.2,70.9 2 1
search-gin/internal/service/index_engine_manager.go:70.9,79.3 1 0
search-gin/internal/service/index_engine_manager.go:80.2,80.14 1 1
search-gin/internal/service/index_engine_manager.go:84.62,87.2 2 1
search-gin/internal/service/index_engine_manager.go:91.70,99.2 7 1
search-gin/internal/service/index_engine_manager.go:102.59,112.2 8 1
search-gin/internal/service/index_engine_manager.go:115.69,117.2 1 1
search-gin/internal/service/index_engine_manager.go:120.68,122.2 1 1
search-gin/internal/service/index_engine_manager.go:125.72,127.2 1 1
search-gin/internal/service/index_engine_manager.go:130.44,132.2 1 1
search-gin/internal/service/index_engine_manager.go:135.49,137.2 1 1
search-gin/internal/service/index_engine_manager.go:140.50,142.2 1 1
search-gin/internal/service/index_engine_manager.go:145.49,147.2 1 1
search-gin/internal/service/index_param.go:11.35,13.2 1 1
search-gin/internal/service/index_param.go:16.34,18.2 1 0
search-gin/internal/service/index_stats.go:15.38,15.65 1 0
search-gin/internal/service/index_stats.go:16.38,16.75 1 1
search-gin/internal/service/index_stats.go:17.38,17.60 1 0
search-gin/internal/service/index_stats.go:39.51,44.46 5 1
search-gin/internal/service/index_stats.go:44.46,46.3 1 0
search-gin/internal/service/index_stats.go:47.2,48.32 2 1
search-gin/internal/service/index_stats.go:52.42,58.2 5 0
search-gin/internal/service/index_stats.go:65.42,69.2 3 1
search-gin/internal/service/index_stats.go:71.37,77.2 5 0
search-gin/internal/service/index_stats.go:79.22,83.2 3 0
search-gin/internal/service/node_discovery.go:50.30,54.2 2 0
search-gin/internal/service/node_discovery.go:57.21,59.16 2 0
search-gin/internal/service/node_discovery.go:59.16,61.3 1 0
search-gin/internal/service/node_discovery.go:63.2,67.28 4 0
search-gin/internal/service/node_discovery.go:67.28,69.3 1 0
search-gin/internal/service/node_discovery.go:69.8,71.3 1 0
search-gin/internal/service/node_discovery.go:73.2,73.96 1 0
search-gin/internal/service/node_discovery.go:77.24,78.27 1 0
search-gin/internal/service/node_discovery.go:78.27,80.3 1 0
search-gin/internal/service/node_discovery.go:81.2,82.46 2 0
search-gin/internal/service/node_discovery.go:82.46,84.21 2 0
search-gin/internal/service/node_discovery.go:84.21,85.12 1 0
search-gin/internal/service/node_discovery.go:87.3,90.22 4 0
search-gin/internal/service/node_discovery.go:90.22,92.4 1 0
search-gin/internal/service/node_discovery.go:93.3,105.58 5 0
search-gin/internal/service/node_discovery.go:110.30,111.27 1 0
search-gin/internal/service/node_discovery.go:111.27,113.3 1 0
search-gin/internal/service/node_discovery.go:114.2,118.42 5 0
search-gin/internal/service/node_discovery.go:118.42,120.45 2 0
search-gin/internal/service/node_discovery.go:120.45,122.4 1 0
search-gin/internal/service/node_discovery.go:124.2,124.29 1 0
search-gin/internal/service/node_discovery.go:124.29,126.3 1 0
search-gin/internal/service/node_discovery.go:127.2,127.21 1 0
search-gin/internal/service/node_discovery.go:131.63,134.16 3 0
search-gin/internal/service/node_discovery.go:134.16,136.3 1 0
search-gin/internal/service/node_discovery.go:137.2,139.41 3 0
search-gin/internal/service/node_discovery.go:143.43,147.2 3 0
search-gin/internal/service/node_discovery.go:150.31,151.27 1 0
search-gin/internal/service/node_discovery.go:151.27,153.3 1 0
search-gin/internal/service/node_discovery.go:154.2,157.41 4 0
search-gin/internal/service/node_discovery.go:157.41,159.3 1 0
search-gin/internal/service/node_discovery.go:160.2,160.15 1 0
search-gin/internal/service/node_discovery.go:165.36,167.42 2 0
search-gin/internal/service/node_discovery.go:167.42,169.3 1 0
search-gin/internal/service/node_discovery.go:171.2,171.27 1 0
search-gin/internal/service/node_discovery.go:171.27,173.3 1 0
search-gin/internal/service/node_discovery.go:175.2,178.41 3 0
search-gin/internal/service/node_discovery.go:178.41,179.17 1 0
search-gin/internal/service/node_discovery.go:179.17,180.12 1 0
search-gin/internal/service/node_discovery.go:182.3,182.17 1 0
search-gin/internal/service/node_discovery.go:182.17,184.4 1 0
search-gin/internal/service/node_discovery.go:186.2,186.14 1 0
search-gin/internal/service/node_discovery.go:191.42,192.27 1 0
search-gin/internal/service/node_discovery.go:192.27,194.3 1 0
search-gin/internal/service/node_discovery.go:195.2,197.36 3 0
search-gin/internal/service/node_discovery.go:201.84,202.27 1 0
search-gin/internal/service/node_discovery.go:202.27,204.3 1 0
search-gin/internal/service/node_discovery.go:205.2,208.9 4 0
search-gin/internal/service/node_discovery.go:208.9,210.3 1 0
search-gin/internal/service/node_discovery.go:211.2,213.16 3 0
search-gin/internal/service/node_discovery.go:213.16,215.3 1 0
search-gin/internal/service/node_discovery.go:216.2,216.50 1 0
search-gin/internal/service/node_discovery.go:220.46,221.27 1 0
search-gin/internal/service/node_discovery.go:221.27,223.3 1 0
search-gin/internal/service/node_discovery.go:224.2,224.16 1 0
search-gin/internal/service/node_discovery.go:224.16,226.3 1 0
search-gin/internal/service/node_discovery.go:227.2,227.20 1 0
search-gin/internal/service/node_discovery.go:227.20,229.3 1 0
search-gin/internal/service/node_discovery.go:231.2,231.42 1 0
search-gin/internal/service/node_discovery.go:231.42,233.3 1 0
search-gin/internal/service/node_discovery.go:234.2,246.54 4 0
search-gin/internal/service/node_discovery.go:246.54,247.38 1 0
search-gin/internal/service/node_discovery.go:247.38,248.17 1 0
search-gin/internal/service/node_discovery.go:248.17,250.5 1 0
search-gin/internal/service/node_discovery.go:252.3,253.11 2 0
search-gin/internal/service/node_discovery.go:256.2,257.16 2 0
search-gin/internal/service/node_discovery.go:257.16,260.3 2 0
search-gin/internal/service/node_discovery.go:261.2,264.13 4 0
search-gin/internal/service/node_discovery.go:268.33,269.27 1 0
search-gin/internal/service/node_discovery.go:269.27,271.3 1 0
search-gin/internal/service/node_discovery.go:272.2,273.44 2 0
search-gin/internal/service/node_discovery.go:273.44,276.3 2 0
search-gin/internal/service/node_discovery.go:277.2,281.54 3 0
search-gin/internal/service/node_discovery.go:281.54,283.38 2 0
search-gin/internal/service/node_discovery.go:283.38,284.48 1 0
search-gin/internal/service/node_discovery.go:284.48,286.5 1 0
search-gin/internal/service/node_discovery.go:288.3,289.11 2 0
search-gin/internal/service/node_discovery.go:291.2,292.16 2 0
search-gin/internal/service/node_discovery.go:292.16,295.3 2 0
search-gin/internal/service/node_discovery.go:296.2,299.13 4 0
search-gin/internal/service/node_discovery.go:303.56,304.27 1 0
search-gin/internal/service/node_discovery.go:304.27,306.3 1 0
search-gin/internal/service/node_discovery.go:307.2,309.43 3 0
search-gin/internal/service/node_discovery.go:309.43,313.3 3 0
search-gin/internal/service/node_discovery.go:314.2,314.14 1 0
search-gin/internal/service/node_discovery.go:318.44,319.38 1 1
search-gin/internal/service/node_discovery.go:319.38,321.3 1 1
search-gin/internal/service/node_discovery.go:322.2,322.11 1 1
search-gin/internal/service/node_discovery.go:326.37,327.27 1 1
search-gin/internal/service/node_discovery.go:327.27,329.3 1 0
search-gin/internal/service/node_discovery.go:330.2,332.49 3 1
search-gin/internal/service/node_discovery.go:332.49,334.3 1 1
search-gin/internal/service/node_discovery.go:335.2,335.12 1 1
search-gin/internal/service/node_discovery.go:339.38,342.2 2 1
search-gin/internal/service/remote_operation.go:18.77,19.61 1 0
search-gin/internal/service/remote_operation.go:19.61,21.3 1 0
search-gin/internal/service/remote_operation.go:23.2,24.18 2 0
search-gin/internal/service/remote_operation.go:24.18,27.3 2 0
search-gin/internal/service/remote_operation.go:29.2,33.16 4 0
search-gin/internal/service/remote_operation.go:33.16,37.3 3 0
search-gin/internal/service/remote_operation.go:38.2,41.16 3 0
search-gin/internal/service/remote_operation.go:41.16,45.3 3 0
search-gin/internal/service/remote_operation.go:46.2,47.13 2 0
search-gin/internal/service/remote_operation.go:51.70,54.2 2 0
search-gin/internal/service/remote_operation.go:57.87,60.2 2 0
search-gin/internal/service/remote_operation.go:63.79,65.16 2 0
search-gin/internal/service/remote_operation.go:65.16,67.3 1 0
search-gin/internal/service/remote_operation.go:68.2,71.16 3 0
search-gin/internal/service/remote_operation.go:71.16,73.3 1 0
search-gin/internal/service/remote_operation.go:75.2,75.37 1 0
search-gin/internal/service/remote_operation.go:75.37,76.71 1 0
search-gin/internal/service/remote_operation.go:76.71,78.4 1 0
search-gin/internal/service/remote_operation.go:82.2,82.56 1 0
search-gin/internal/service/remote_operation.go:82.56,84.3 1 0
search-gin/internal/service/remote_operation.go:87.2,91.27 3 0
search-gin/internal/service/remote_search.go:34.80,36.21 2 0
search-gin/internal/service/remote_search.go:36.21,38.3 1 0
search-gin/internal/service/remote_search.go:41.2,48.29 7 0
search-gin/internal/service/remote_search.go:48.29,49.20 1 0
search-gin/internal/service/remote_search.go:49.20,50.12 1 0
search-gin/internal/service/remote_search.go:52.3,53.20 2 0
search-gin/internal/service/remote_search.go:53.20,58.17 4 0
search-gin/internal/service/remote_search.go:58.17,58.32 1 0
search-gin/internal/service/remote_search.go:60.4,61.18 2 0
search-gin/internal/service/remote_search.go:61.18,64.5 2 0
search-gin/internal/service/remote_search.go:65.4,69.15 5 0
search-gin/internal/service/remote_search.go:72.2,74.51 2 0
search-gin/internal/service/remote_search.go:78.85,85.16 5 0
search-gin/internal/service/remote_search.go:85.16,87.3 1 0
search-gin/internal/service/remote_search.go:89.2,91.16 3 0
search-gin/internal/service/remote_search.go:91.16,93.3 1 0
search-gin/internal/service/remote_search.go:94.2,98.16 4 0
search-gin/internal/service/remote_search.go:98.16,100.3 1 0
search-gin/internal/service/remote_search.go:101.2,103.38 2 0
search-gin/internal/service/remote_search.go:103.38,105.3 1 0
search-gin/internal/service/remote_search.go:107.2,113.67 2 0
search-gin/internal/service/remote_search.go:113.67,115.3 1 0
search-gin/internal/service/remote_search.go:117.2,118.61 2 0
search-gin/internal/service/remote_search.go:118.61,120.3 1 0
search-gin/internal/service/remote_search.go:122.2,122.119 1 0
search-gin/internal/service/remote_search.go:126.86,128.16 2 0
search-gin/internal/service/remote_search.go:128.16,130.3 1 0
search-gin/internal/service/remote_search.go:132.2,134.16 3 0
search-gin/internal/service/remote_search.go:134.16,136.3 1 0
search-gin/internal/service/remote_search.go:137.2,141.16 4 0
search-gin/internal/service/remote_search.go:141.16,143.3 1 0
search-gin/internal/service/remote_search.go:144.2,146.38 2 0
search-gin/internal/service/remote_search.go:146.38,148.3 1 0
search-gin/internal/service/remote_search.go:150.2,159.70 2 0
search-gin/internal/service/remote_search.go:159.70,161.3 1 0
search-gin/internal/service/remote_search.go:163.2,164.67 2 0
search-gin/internal/service/remote_search.go:164.67,166.3 1 0
search-gin/internal/service/remote_search.go:169.2,179.20 2 0
search-gin/internal/service/remote_search.go:184.37,186.13 2 0
search-gin/internal/service/remote_search.go:186.13,188.3 1 0
search-gin/internal/service/remote_search.go:189.2,190.21 2 0
search-gin/internal/service/remote_search.go:190.21,192.3 1 0
search-gin/internal/service/remote_search.go:193.2,194.16 2 0
search-gin/internal/service/remote_search.go:194.16,196.3 1 0
search-gin/internal/service/remote_search.go:197.2,197.35 1 0
search-gin/internal/service/remote_search.go:198.11,199.20 1 0
search-gin/internal/service/remote_search.go:200.11,201.27 1 0
search-gin/internal/service/remote_search.go:202.11,203.34 1 0
search-gin/internal/service/remote_search.go:204.11,205.41 1 0
search-gin/internal/service/remote_search.go:206.11,209.39 3 0
search-gin/internal/service/remote_search.go:209.39,211.4 1 0
search-gin/internal/service/remote_search.go:212.3,212.16 1 0
search-gin/internal/service/remote_search.go:213.10,214.11 1 0
search-gin/internal/service/remote_search.go:219.68,224.2 4 1
search-gin/internal/service/remote_search.go:227.40,228.18 1 1
search-gin/internal/service/remote_search.go:228.18,230.3 1 1
search-gin/internal/service/remote_search.go:231.2,231.50 1 1
search-gin/internal/service/remote_search.go:238.56,240.20 2 1
search-gin/internal/service/remote_search.go:240.20,242.3 1 0
search-gin/internal/service/remote_search.go:244.2,254.24 8 1
search-gin/internal/service/remote_search.go:254.24,256.50 2 1
search-gin/internal/service/remote_search.go:256.50,262.4 5 1
search-gin/internal/service/remote_search.go:262.9,264.62 2 1
search-gin/internal/service/remote_search.go:264.62,266.5 1 0
search-gin/internal/service/remote_search.go:267.4,267.57 1 1
search-gin/internal/service/remote_search.go:267.57,272.5 4 1
search-gin/internal/service/remote_search.go:278.42,280.46 2 1
search-gin/internal/service/remote_search.go:280.46,282.3 1 1
search-gin/internal/service/remote_search.go:284.2,285.16 2 1
search-gin/internal/service/remote_search.go:285.16,287.3 1 0
search-gin/internal/service/remote_search.go:290.2,290.35 1 1
search-gin/internal/service/remote_search.go:290.35,292.17 2 1
search-gin/internal/service/remote_search.go:292.17,293.12 1 0
search-gin/internal/service/remote_search.go:295.3,295.30 1 1
search-gin/internal/service/remote_search.go:295.30,297.11 2 1
search-gin/internal/service/remote_search.go:297.11,298.13 1 0
search-gin/internal/service/remote_search.go:300.4,300.57 1 1
search-gin/internal/service/remote_search.go:300.57,302.5 1 1
search-gin/internal/service/remote_search.go:306.2,306.35 1 0
search-gin/internal/service/remote_search.go:306.35,308.17 2 0
search-gin/internal/service/remote_search.go:308.17,309.12 1 0
search-gin/internal/service/remote_search.go:311.3,311.30 1 0
search-gin/internal/service/remote_search.go:311.30,313.11 2 0
search-gin/internal/service/remote_search.go:313.11,314.13 1 0
search-gin/internal/service/remote_search.go:316.4,316.32 1 0
search-gin/internal/service/remote_search.go:316.32,318.5 1 0
search-gin/internal/service/remote_search.go:321.2,321.26 1 0
search-gin/internal/service/remote_search.go:324.31,326.16 2 1
search-gin/internal/service/remote_search.go:326.16,328.3 1 0
search-gin/internal/service/remote_search.go:329.2,329.35 1 1
search-gin/internal/service/remote_search.go:329.35,331.17 2 1
search-gin/internal/service/remote_search.go:331.17,332.12 1 0
search-gin/internal/service/remote_search.go:334.3,334.30 1 1
search-gin/internal/service/remote_search.go:334.30,336.11 2 1
search-gin/internal/service/remote_search.go:336.11,337.13 1 0
search-gin/internal/service/remote_search.go:339.4,339.55 1 1
search-gin/internal/service/remote_search.go:339.55,341.5 1 1
search-gin/internal/service/remote_search.go:344.2,344.20 1 0
search-gin/internal/service/remote_search.go:348.92,350.17 2 1
search-gin/internal/service/remote_search.go:350.17,352.3 1 1
search-gin/internal/service/remote_search.go:353.2,353.19 1 1
search-gin/internal/service/remote_search.go:353.19,355.3 1 1
search-gin/internal/service/remote_search.go:356.2,357.20 2 1
search-gin/internal/service/remote_search.go:357.20,359.3 1 1
search-gin/internal/service/remote_search.go:360.2,361.17 2 1
search-gin/internal/service/remote_search.go:361.17,363.3 1 1
search-gin/internal/service/remote_search.go:364.2,364.33 1 1
search-gin/internal/service/scan_progress.go:21.44,35.2 4 0
search-gin/internal/service/scan_progress.go:38.44,49.2 10 0
search-gin/internal/service/scan_progress.go:52.54,55.2 2 0
search-gin/internal/service/scan_progress.go:58.54,62.2 3 0
search-gin/internal/service/scan_progress.go:65.36,70.2 4 0
search-gin/internal/service/scan_progress.go:73.50,77.2 3 1
search-gin/internal/service/scan_progress.go:80.51,84.2 3 1
search-gin/internal/service/scan_progress.go:87.54,91.2 3 1
search-gin/internal/service/scan_progress.go:94.53,98.2 3 0
search-gin/internal/service/service.go:25.29,25.46 1 0
search-gin/internal/service/service.go:28.26,28.44 1 1
search-gin/internal/service/service.go:39.67,42.2 2 1
search-gin/internal/service/service.go:44.36,44.59 1 1
search-gin/internal/service/service.go:45.36,45.59 1 0
search-gin/internal/service/service.go:50.42,54.2 1 1
search-gin/internal/service/service.go:57.122,64.2 1 1
search-gin/internal/service/service.go:70.45,70.70 1 1
search-gin/internal/service/service.go:71.45,71.64 1 0
search-gin/internal/service/service.go:72.45,72.70 1 0
search-gin/internal/service/service.go:76.72,78.2 1 1
search-gin/internal/service/service.go:81.33,83.2 1 1
search-gin/internal/service/service.go:86.33,88.2 1 1
search-gin/internal/service/task_scheduler.go:20.26,21.9 1 0
search-gin/internal/service/task_scheduler.go:22.32,22.32 0 0
search-gin/internal/service/task_scheduler.go:23.10,23.10 0 0
search-gin/internal/service/task_scheduler.go:28.37,32.21 3 0
search-gin/internal/service/task_scheduler.go:32.21,33.89 1 0
search-gin/internal/service/task_scheduler.go:33.89,34.12 1 0
search-gin/internal/service/task_scheduler.go:36.3,36.45 1 0
search-gin/internal/service/task_scheduler.go:36.45,38.4 1 0
search-gin/internal/service/task_scheduler.go:44.41,45.14 1 0
search-gin/internal/service/task_scheduler.go:45.14,48.3 2 0
search-gin/internal/service/task_scheduler.go:49.2,54.23 3 0
search-gin/internal/service/task_scheduler.go:54.23,56.3 1 0
search-gin/internal/service/task_scheduler.go:60.37,62.34 1 0
search-gin/internal/service/task_scheduler.go:62.34,64.3 1 0
search-gin/internal/service/task_scheduler.go:67.2,71.33 4 0
search-gin/internal/service/task_scheduler.go:71.33,75.10 3 0
search-gin/internal/service/task_scheduler.go:76.57,77.11 1 0
search-gin/internal/service/task_scheduler.go:78.54,79.26 1 0
search-gin/internal/service/task_scheduler.go:79.26,82.6 2 0
search-gin/internal/service/task_scheduler.go:83.56,84.28 1 0
search-gin/internal/service/task_scheduler.go:84.28,87.6 2 0
search-gin/internal/service/task_scheduler.go:88.56,89.28 1 0
search-gin/internal/service/task_scheduler.go:89.28,92.6 2 0
search-gin/internal/service/task_scheduler.go:94.4,94.83 1 0
search-gin/internal/service/task_scheduler.go:96.59,97.11 1 0
search-gin/internal/service/task_scheduler.go:98.54,99.22 1 0
search-gin/internal/service/task_scheduler.go:100.56,101.24 1 0
search-gin/internal/service/task_scheduler.go:102.56,103.24 1 0
search-gin/internal/service/task_scheduler.go:105.4,105.59 1 0
search-gin/internal/service/task_scheduler.go:108.3,108.34 1 0
search-gin/internal/service/task_scheduler.go:108.34,109.9 1 0
search-gin/internal/service/task_scheduler.go:112.2,114.42 2 0
search-gin/internal/service/task_scheduler.go:114.42,117.13 3 0
search-gin/internal/service/task_scheduler.go:117.13,120.4 2 0
search-gin/internal/service/task_scheduler.go:122.2,122.38 1 0
search-gin/internal/service/task_scheduler.go:122.38,125.13 3 0
search-gin/internal/service/task_scheduler.go:125.13,128.4 2 0
search-gin/internal/service/task_scheduler.go:130.2,130.42 1 0
search-gin/internal/service/task_scheduler.go:130.42,133.13 3 0
search-gin/internal/service/task_scheduler.go:133.13,136.4 2 0
search-gin/internal/service/task_scheduler.go:141.39,143.36 2 0
search-gin/internal/service/task_scheduler.go:143.36,147.3 3 0
search-gin/internal/service/task_scheduler.go:148.2,148.28 1 0
search-gin/internal/service/task_scheduler.go:171.75,180.2 3 1
search-gin/internal/service/task_scheduler.go:182.97,183.22 1 1
search-gin/internal/service/task_scheduler.go:183.22,185.3 1 1
search-gin/internal/service/task_scheduler.go:188.36,190.31 2 0
search-gin/internal/service/task_scheduler.go:190.31,191.10 1 0
search-gin/internal/service/task_scheduler.go:191.10,194.4 2 0
search-gin/internal/service/task_scheduler.go:198.49,199.26 1 0
search-gin/internal/service/task_scheduler.go:199.26,202.3 2 0
search-gin/internal/service/task_scheduler.go:203.2,203.9 1 0
search-gin/internal/service/task_scheduler.go:204.21,206.9 2 0
search-gin/internal/service/task_scheduler.go:207.10,207.10 0 0
search-gin/internal/service/task_scheduler.go:210.2,210.31 1 0
search-gin/internal/service/task_scheduler.go:210.31,213.3 2 0
search-gin/internal/service/task_scheduler.go:215.2,234.46 15 0
search-gin/internal/service/task_scheduler.go:237.45,241.54 3 1
search-gin/internal/service/task_scheduler.go:241.54,242.56 1 1
search-gin/internal/service/task_scheduler.go:242.56,244.4 1 1
search-gin/internal/service/task_scheduler.go:245.3,245.72 1 1
search-gin/internal/service/task_scheduler.go:248.2,256.56 4 1
search-gin/internal/service/task_scheduler.go:259.40,263.2 3 1
search-gin/internal/service/task_service.go:19.55,22.33 3 0
search-gin/internal/service/task_service.go:22.33,23.19 1 0
search-gin/internal/service/task_service.go:24.28,25.13 1 0
search-gin/internal/service/task_service.go:26.30,27.15 1 0
search-gin/internal/service/task_service.go:30.2,30.8 1 0
search-gin/internal/service/task_service.go:34.41,39.38 4 0
search-gin/internal/service/task_service.go:39.38,40.43 1 0
search-gin/internal/service/task_service.go:40.43,43.4 2 0
search-gin/internal/service/task_service.go:45.2,45.85 1 0
search-gin/internal/service/task_service.go:49.38,54.38 4 0
search-gin/internal/service/task_service.go:54.38,55.40 1 0
search-gin/internal/service/task_service.go:55.40,58.4 2 0
search-gin/internal/service/task_service.go:60.2,60.82 1 0
search-gin/internal/service/task_service.go:64.35,69.38 4 0
search-gin/internal/service/task_service.go:69.38,70.43 1 0
search-gin/internal/service/task_service.go:70.43,73.4 2 0
search-gin/internal/service/task_service.go:75.2,77.36 2 0
search-gin/internal/service/task_service.go:77.36,78.41 1 0
search-gin/internal/service/task_service.go:78.41,80.4 1 0
search-gin/internal/service/task_service.go:82.2,82.76 1 0
search-gin/internal/service/task_service.go:86.58,89.20 3 1
search-gin/internal/service/task_service.go:89.20,92.3 2 0
search-gin/internal/service/task_service.go:94.2,95.49 2 1
search-gin/internal/service/task_service.go:95.49,98.3 2 1
search-gin/internal/service/task_service.go:100.2,100.67 1 0
search-gin/internal/service/task_service.go:100.67,101.54 1 0
search-gin/internal/service/task_service.go:101.54,102.43 1 0
search-gin/internal/service/task_service.go:102.43,104.5 1 0
search-gin/internal/service/task_service.go:108.2,108.66 1 0
search-gin/internal/service/task_service.go:108.66,110.3 1 0
search-gin/internal/service/task_service.go:112.2,112.46 1 0
search-gin/internal/service/task_service.go:116.85,119.29 3 1
search-gin/internal/service/task_service.go:119.29,121.23 2 1
search-gin/internal/service/task_service.go:121.23,123.4 1 1
search-gin/internal/service/task_service.go:124.3,125.38 2 0
search-gin/internal/service/task_service.go:128.2,128.21 1 1
search-gin/internal/service/task_service.go:128.21,130.3 1 1
search-gin/internal/service/task_service.go:132.2,134.16 3 0
search-gin/internal/service/task_service.go:134.16,137.3 2 0
search-gin/internal/service/task_service.go:138.2,140.33 2 0
search-gin/internal/service/task_service.go:140.33,141.71 1 0
search-gin/internal/service/task_service.go:141.71,144.4 2 0
search-gin/internal/service/task_service.go:147.2,147.16 1 0
search-gin/internal/service/task_service.go:147.16,150.3 2 0
search-gin/internal/service/task_service.go:152.2,155.47 4 0
search-gin/internal/service/task_service.go:155.47,158.3 2 0
search-gin/internal/service/task_service.go:159.2,167.52 7 0
search-gin/internal/service/task_service.go:171.63,173.40 2 1
search-gin/internal/service/task_service.go:173.40,175.3 1 1
search-gin/internal/service/task_service.go:177.2,181.41 4 0
search-gin/internal/service/task_service.go:181.41,183.91 1 0
search-gin/internal/service/task_service.go:183.91,186.4 2 0
search-gin/internal/service/task_service.go:188.2,192.17 4 0
search-gin/internal/service/task_service.go:192.17,194.3 1 0
search-gin/internal/service/task_service.go:195.2,196.47 2 0
search-gin/internal/service/task_service.go:196.47,199.3 2 0
search-gin/internal/service/task_service.go:200.2,206.52 7 0
search-gin/internal/service/task_service.go:210.70,212.40 2 1
search-gin/internal/service/task_service.go:212.40,214.3 1 1
search-gin/internal/service/task_service.go:216.2,220.47 5 0
search-gin/internal/service/task_service.go:220.47,223.3 2 0
search-gin/internal/service/task_service.go:224.2,232.52 7 0
search-gin/internal/service/torrent_service.go:31.46,38.16 6 0
search-gin/internal/service/torrent_service.go:38.16,40.3 1 0
search-gin/internal/service/torrent_service.go:42.2,49.12 3 0
search-gin/internal/service/torrent_service.go:52.35,53.22 1 0
search-gin/internal/service/torrent_service.go:53.22,55.3 1 0
search-gin/internal/service/torrent_service.go:64.81,66.16 2 0
search-gin/internal/service/torrent_service.go:66.16,68.3 1 0
search-gin/internal/service/torrent_service.go:70.2,70.9 1 0
search-gin/internal/service/torrent_service.go:71.21,71.21 0 0
search-gin/internal/service/torrent_service.go:72.38,74.53 2 0
search-gin/internal/service/torrent_service.go:77.2,84.30 6 0
search-gin/internal/service/torrent_service.go:84.30,90.3 1 0
search-gin/internal/service/torrent_service.go:92.2,97.8 2 0
search-gin/internal/service/torrent_service.go:107.98,109.16 2 0
search-gin/internal/service/torrent_service.go:109.16,111.3 1 0
search-gin/internal/service/torrent_service.go:113.2,113.20 1 0
search-gin/internal/service/torrent_service.go:113.20,114.31 1 0
search-gin/internal/service/torrent_service.go:114.31,115.28 1 0
search-gin/internal/service/torrent_service.go:115.28,117.87 2 0
search-gin/internal/service/torrent_service.go:117.87,125.6 2 0
search-gin/internal/service/torrent_service.go:126.5,133.11 3 0
search-gin/internal/service/torrent_service.go:136.3,136.58 1 0
search-gin/internal/service/torrent_service.go:139.2,146.8 3 0
search-gin/internal/service/torrent_service.go:149.81,151.50 2 0
search-gin/internal/service/torrent_service.go:151.50,153.3 1 0
search-gin/internal/service/torrent_service.go:155.2,159.9 4 0
search-gin/internal/service/torrent_service.go:159.9,161.3 1 0
search-gin/internal/service/torrent_service.go:162.2,162.15 1 0
search-gin/internal/service/torrent_service.go:165.80,167.16 2 0
search-gin/internal/service/torrent_service.go:167.16,169.3 1 0
search-gin/internal/service/torrent_service.go:171.2,184.30 3 0
search-gin/internal/service/torrent_service.go:184.30,186.21 2 0
search-gin/internal/service/torrent_service.go:186.21,188.4 1 0
search-gin/internal/service/torrent_service.go:191.2,191.26 1 0
search-gin/internal/service/torrent_service.go:191.26,193.3 1 0
search-gin/internal/service/torrent_service.go:195.2,195.45 1 0
search-gin/internal/service/torrent_service.go:195.45,197.3 1 0
search-gin/internal/service/torrent_service.go:199.2,199.27 1 0
search-gin/internal/service/torrent_service.go:208.77,210.16 2 0
search-gin/internal/service/torrent_service.go:210.16,212.3 1 0
search-gin/internal/service/torrent_service.go:214.2,215.30 2 0
search-gin/internal/service/torrent_service.go:215.30,221.3 1 0
search-gin/internal/service/torrent_service.go:223.2,223.19 1 0
search-gin/internal/service/torrent_service.go:226.91,228.16 2 0
search-gin/internal/service/torrent_service.go:228.16,230.3 1 0
search-gin/internal/service/torrent_service.go:232.2,232.30 1 0
search-gin/internal/service/torrent_service.go:232.30,233.27 1 0
search-gin/internal/service/torrent_service.go:233.27,235.4 1 0
search-gin/internal/service/torrent_service.go:238.2,238.57 1 0
search-gin/internal/service/torrent_service.go:241.102,246.20 4 0
search-gin/internal/service/torrent_service.go:246.20,248.17 2 0
search-gin/internal/service/torrent_service.go:248.17,250.4 1 0
search-gin/internal/service/torrent_service.go:251.8,253.17 2 0
search-gin/internal/service/torrent_service.go:253.17,255.4 1 0
search-gin/internal/service/torrent_service.go:258.2,261.23 3 0
search-gin/internal/service/torrent_service.go:261.23,272.3 9 0
search-gin/internal/service/torrent_service.go:274.2,276.33 3 0
search-gin/internal/service/torrent_service.go:276.33,278.3 1 0
search-gin/internal/service/torrent_service.go:280.2,291.16 10 0
search-gin/internal/service/torrent_service.go:291.16,293.3 1 0
search-gin/internal/service/torrent_service.go:295.2,297.12 3 0
search-gin/internal/service/torrent_service.go:313.78,315.16 2 0
search-gin/internal/service/torrent_service.go:315.16,317.3 1 0
search-gin/internal/service/torrent_service.go:319.2,324.22 5 0
search-gin/internal/service/torrent_service.go:324.22,327.3 2 0
search-gin/internal/service/torrent_service.go:329.2,330.25 2 0
search-gin/internal/service/torrent_service.go:330.25,332.3 1 0
search-gin/internal/service/torrent_service.go:332.8,332.35 1 0
search-gin/internal/service/torrent_service.go:332.35,334.3 1 0
search-gin/internal/service/torrent_service.go:336.2,337.20 2 0
search-gin/internal/service/torrent_service.go:337.20,339.21 2 0
search-gin/internal/service/torrent_service.go:339.21,341.4 1 0
search-gin/internal/service/torrent_service.go:344.2,355.8 1 0
search-gin/internal/service/torrent_service.go:358.64,360.16 2 0
search-gin/internal/service/torrent_service.go:360.16,362.3 1 0
search-gin/internal/service/torrent_service.go:364.2,370.12 6 0
search-gin/internal/service/torrent_service.go:373.61,377.6 3 0
search-gin/internal/service/torrent_service.go:377.6,378.10 1 0
search-gin/internal/service/torrent_service.go:379.21,380.10 1 0
search-gin/internal/service/torrent_service.go:381.19,383.37 2 0
search-gin/internal/service/torrent_service.go:383.37,384.28 1 0
search-gin/internal/service/torrent_service.go:384.28,388.6 3 0
search-gin/internal/service/torrent_service.go:390.4,390.18 1 0
